{"C:\\Users\\Jagan\\Downloads\\poc-2--offer\\poc-2\\offerSync-poc-backend\\src\\controllers\\auth.controller.js": {"path":"C:\\Users\\Jagan\\Downloads\\poc-2--offer\\poc-2\\offerSync-poc-backend\\src\\controllers\\auth.controller.js","statementMap":{"0":{"start":{"line":1,"column":16},"end":{"line":1,"column":34}},"1":{"start":{"line":2,"column":15},"end":{"line":2,"column":31}},"2":{"start":{"line":3,"column":11},"end":{"line":3,"column":40}},"3":{"start":{"line":4,"column":43},"end":{"line":4,"column":78}},"4":{"start":{"line":5,"column":12},"end":{"line":5,"column":35}},"5":{"start":{"line":6,"column":14},"end":{"line":6,"column":31}},"6":{"start":{"line":9,"column":0},"end":{"line":25,"column":3}},"7":{"start":{"line":10,"column":4},"end":{"line":23,"column":5}},"8":{"start":{"line":11,"column":8},"end":{"line":11,"column":30}},"9":{"start":{"line":12,"column":24},"end":{"line":12,"column":57}},"10":{"start":{"line":14,"column":8},"end":{"line":17,"column":11}},"11":{"start":{"line":19,"column":8},"end":{"line":19,"column":71}},"12":{"start":{"line":20,"column":8},"end":{"line":22,"column":11}},"13":{"start":{"line":27,"column":0},"end":{"line":57,"column":2}},"14":{"start":{"line":28,"column":4},"end":{"line":56,"column":5}},"15":{"start":{"line":29,"column":8},"end":{"line":29,"column":53}},"16":{"start":{"line":31,"column":25},"end":{"line":31,"column":55}},"17":{"start":{"line":34,"column":8},"end":{"line":36,"column":9}},"18":{"start":{"line":35,"column":12},"end":{"line":35,"column":74}},"19":{"start":{"line":39,"column":22},"end":{"line":43,"column":9}},"20":{"start":{"line":45,"column":8},"end":{"line":49,"column":11}},"21":{"start":{"line":52,"column":8},"end":{"line":52,"column":68}},"22":{"start":{"line":53,"column":8},"end":{"line":55,"column":11}},"23":{"start":{"line":59,"column":0},"end":{"line":59,"column":24}}},"fnMap":{"0":{"name":"(anonymous_0)","decl":{"start":{"line":9,"column":25},"end":{"line":9,"column":26}},"loc":{"start":{"line":9,"column":45},"end":{"line":25,"column":1}},"line":9},"1":{"name":"(anonymous_1)","decl":{"start":{"line":27,"column":22},"end":{"line":27,"column":23}},"loc":{"start":{"line":27,"column":39},"end":{"line":57,"column":1}},"line":27}},"branchMap":{"0":{"loc":{"start":{"line":20,"column":19},"end":{"line":20,"column":42}},"type":"binary-expr","locations":[{"start":{"line":20,"column":19},"end":{"line":20,"column":35}},{"start":{"line":20,"column":39},"end":{"line":20,"column":42}}],"line":20},"1":{"loc":{"start":{"line":21,"column":19},"end":{"line":21,"column":59}},"type":"binary-expr","locations":[{"start":{"line":21,"column":19},"end":{"line":21,"column":32}},{"start":{"line":21,"column":36},"end":{"line":21,"column":59}}],"line":21},"2":{"loc":{"start":{"line":34,"column":8},"end":{"line":36,"column":9}},"type":"if","locations":[{"start":{"line":34,"column":8},"end":{"line":36,"column":9}},{"start":{},"end":{}}],"line":34},"3":{"loc":{"start":{"line":53,"column":19},"end":{"line":53,"column":42}},"type":"binary-expr","locations":[{"start":{"line":53,"column":19},"end":{"line":53,"column":35}},{"start":{"line":53,"column":39},"end":{"line":53,"column":42}}],"line":53},"4":{"loc":{"start":{"line":54,"column":19},"end":{"line":54,"column":59}},"type":"binary-expr","locations":[{"start":{"line":54,"column":19},"end":{"line":54,"column":32}},{"start":{"line":54,"column":36},"end":{"line":54,"column":59}}],"line":54}},"s":{"0":1,"1":1,"2":1,"3":1,"4":1,"5":1,"6":1,"7":2,"8":2,"9":2,"10":1,"11":1,"12":1,"13":1,"14":3,"15":3,"16":3,"17":2,"18":1,"19":1,"20":1,"21":1,"22":1,"23":1},"f":{"0":2,"1":3},"b":{"0":[1,1],"1":[1,0],"2":[1,1],"3":[1,1],"4":[1,0]},"_coverageSchema":"1a1c01bbd47fc00a2c39e90264f33305004495a9","hash":"34a62cd55f23c24908b2d44042a885caf2fdc32e"}
,"C:\\Users\\Jagan\\Downloads\\poc-2--offer\\poc-2\\offerSync-poc-backend\\src\\controllers\\candidate.controller.js": {"path":"C:\\Users\\Jagan\\Downloads\\poc-2--offer\\poc-2\\offerSync-poc-backend\\src\\controllers\\candidate.controller.js","statementMap":{"0":{"start":{"line":1,"column":16},"end":{"line":1,"column":34}},"1":{"start":{"line":2,"column":15},"end":{"line":2,"column":31}},"2":{"start":{"line":3,"column":25},"end":{"line":3,"column":65}},"3":{"start":{"line":4,"column":13},"end":{"line":4,"column":42}},"4":{"start":{"line":7,"column":0},"end":{"line":50,"column":3}},"5":{"start":{"line":8,"column":2},"end":{"line":49,"column":3}},"6":{"start":{"line":9,"column":43},"end":{"line":9,"column":51}},"7":{"start":{"line":10,"column":17},"end":{"line":10,"column":28}},"8":{"start":{"line":13,"column":4},"end":{"line":19,"column":5}},"9":{"start":{"line":14,"column":6},"end":{"line":18,"column":9}},"10":{"start":{"line":22,"column":27},"end":{"line":27,"column":6}},"11":{"start":{"line":30,"column":4},"end":{"line":34,"column":6}},"12":{"start":{"line":36,"column":4},"end":{"line":41,"column":7}},"13":{"start":{"line":43,"column":4},"end":{"line":43,"column":64}},"14":{"start":{"line":44,"column":4},"end":{"line":48,"column":7}},"15":{"start":{"line":53,"column":0},"end":{"line":144,"column":3}},"16":{"start":{"line":54,"column":2},"end":{"line":143,"column":3}},"17":{"start":{"line":73,"column":8},"end":{"line":73,"column":16}},"18":{"start":{"line":75,"column":17},"end":{"line":75,"column":28}},"19":{"start":{"line":78,"column":4},"end":{"line":84,"column":5}},"20":{"start":{"line":79,"column":6},"end":{"line":83,"column":9}},"21":{"start":{"line":86,"column":4},"end":{"line":92,"column":5}},"22":{"start":{"line":87,"column":6},"end":{"line":91,"column":9}},"23":{"start":{"line":95,"column":27},"end":{"line":100,"column":6}},"24":{"start":{"line":102,"column":4},"end":{"line":109,"column":5}},"25":{"start":{"line":103,"column":6},"end":{"line":108,"column":9}},"26":{"start":{"line":112,"column":19},"end":{"line":133,"column":5}},"27":{"start":{"line":135,"column":4},"end":{"line":135,"column":40}},"28":{"start":{"line":137,"column":4},"end":{"line":137,"column":65}},"29":{"start":{"line":138,"column":4},"end":{"line":142,"column":7}},"30":{"start":{"line":147,"column":0},"end":{"line":195,"column":3}},"31":{"start":{"line":148,"column":2},"end":{"line":194,"column":3}},"32":{"start":{"line":149,"column":28},"end":{"line":149,"column":38}},"33":{"start":{"line":151,"column":6},"end":{"line":151,"column":14}},"34":{"start":{"line":152,"column":17},"end":{"line":152,"column":28}},"35":{"start":{"line":155,"column":4},"end":{"line":161,"column":5}},"36":{"start":{"line":156,"column":6},"end":{"line":160,"column":9}},"37":{"start":{"line":164,"column":22},"end":{"line":164,"column":74}},"38":{"start":{"line":165,"column":4},"end":{"line":170,"column":5}},"39":{"start":{"line":166,"column":6},"end":{"line":169,"column":9}},"40":{"start":{"line":173,"column":19},"end":{"line":184,"column":5}},"41":{"start":{"line":186,"column":4},"end":{"line":186,"column":40}},"42":{"start":{"line":188,"column":4},"end":{"line":188,"column":73}},"43":{"start":{"line":189,"column":4},"end":{"line":193,"column":7}},"44":{"start":{"line":263,"column":0},"end":{"line":299,"column":3}},"45":{"start":{"line":264,"column":2},"end":{"line":298,"column":3}},"46":{"start":{"line":272,"column":8},"end":{"line":272,"column":17}},"47":{"start":{"line":274,"column":20},"end":{"line":274,"column":22}},"48":{"start":{"line":275,"column":4},"end":{"line":275,"column":40}},"49":{"start":{"line":275,"column":16},"end":{"line":275,"column":40}},"50":{"start":{"line":276,"column":4},"end":{"line":278,"column":5}},"51":{"start":{"line":277,"column":6},"end":{"line":277,"column":69}},"52":{"start":{"line":279,"column":4},"end":{"line":281,"column":5}},"53":{"start":{"line":280,"column":6},"end":{"line":280,"column":74}},"54":{"start":{"line":282,"column":4},"end":{"line":282,"column":72}},"55":{"start":{"line":282,"column":16},"end":{"line":282,"column":72}},"56":{"start":{"line":282,"column":62},"end":{"line":282,"column":70}},"57":{"start":{"line":284,"column":19},"end":{"line":288,"column":5}},"58":{"start":{"line":290,"column":4},"end":{"line":290,"column":40}},"59":{"start":{"line":292,"column":4},"end":{"line":292,"column":56}},"60":{"start":{"line":293,"column":4},"end":{"line":297,"column":7}},"61":{"start":{"line":302,"column":0},"end":{"line":315,"column":3}},"62":{"start":{"line":303,"column":2},"end":{"line":314,"column":3}},"63":{"start":{"line":304,"column":19},"end":{"line":304,"column":65}},"64":{"start":{"line":306,"column":4},"end":{"line":306,"column":40}},"65":{"start":{"line":308,"column":4},"end":{"line":308,"column":64}},"66":{"start":{"line":309,"column":4},"end":{"line":313,"column":7}},"67":{"start":{"line":318,"column":0},"end":{"line":337,"column":3}},"68":{"start":{"line":319,"column":2},"end":{"line":336,"column":3}},"69":{"start":{"line":320,"column":27},"end":{"line":320,"column":36}},"70":{"start":{"line":321,"column":27},"end":{"line":323,"column":5}},"71":{"start":{"line":325,"column":4},"end":{"line":328,"column":7}},"72":{"start":{"line":330,"column":4},"end":{"line":330,"column":60}},"73":{"start":{"line":331,"column":4},"end":{"line":335,"column":7}},"74":{"start":{"line":340,"column":0},"end":{"line":403,"column":3}},"75":{"start":{"line":341,"column":2},"end":{"line":402,"column":3}},"76":{"start":{"line":342,"column":19},"end":{"line":342,"column":29}},"77":{"start":{"line":343,"column":55},"end":{"line":343,"column":63}},"78":{"start":{"line":344,"column":17},"end":{"line":344,"column":28}},"79":{"start":{"line":346,"column":4},"end":{"line":351,"column":5}},"80":{"start":{"line":347,"column":6},"end":{"line":350,"column":9}},"81":{"start":{"line":354,"column":22},"end":{"line":354,"column":65}},"82":{"start":{"line":355,"column":21},"end":{"line":357,"column":5}},"83":{"start":{"line":359,"column":4},"end":{"line":364,"column":5}},"84":{"start":{"line":360,"column":6},"end":{"line":363,"column":9}},"85":{"start":{"line":367,"column":28},"end":{"line":377,"column":25}},"86":{"start":{"line":380,"column":4},"end":{"line":380,"column":78}},"87":{"start":{"line":382,"column":4},"end":{"line":394,"column":7}},"88":{"start":{"line":396,"column":4},"end":{"line":396,"column":60}},"89":{"start":{"line":397,"column":4},"end":{"line":401,"column":7}},"90":{"start":{"line":406,"column":0},"end":{"line":433,"column":3}},"91":{"start":{"line":407,"column":2},"end":{"line":432,"column":3}},"92":{"start":{"line":408,"column":26},"end":{"line":408,"column":73}},"93":{"start":{"line":410,"column":6},"end":{"line":410,"column":59}},"94":{"start":{"line":412,"column":6},"end":{"line":414,"column":8}},"95":{"start":{"line":416,"column":4},"end":{"line":424,"column":7}},"96":{"start":{"line":426,"column":4},"end":{"line":426,"column":62}},"97":{"start":{"line":427,"column":4},"end":{"line":431,"column":7}},"98":{"start":{"line":435,"column":0},"end":{"line":435,"column":24}}},"fnMap":{"0":{"name":"(anonymous_0)","decl":{"start":{"line":7,"column":28},"end":{"line":7,"column":29}},"loc":{"start":{"line":7,"column":48},"end":{"line":50,"column":1}},"line":7},"1":{"name":"(anonymous_1)","decl":{"start":{"line":53,"column":36},"end":{"line":53,"column":37}},"loc":{"start":{"line":53,"column":56},"end":{"line":144,"column":1}},"line":53},"2":{"name":"(anonymous_2)","decl":{"start":{"line":147,"column":41},"end":{"line":147,"column":42}},"loc":{"start":{"line":147,"column":61},"end":{"line":195,"column":1}},"line":147},"3":{"name":"(anonymous_3)","decl":{"start":{"line":263,"column":28},"end":{"line":263,"column":29}},"loc":{"start":{"line":263,"column":48},"end":{"line":299,"column":1}},"line":263},"4":{"name":"(anonymous_4)","decl":{"start":{"line":282,"column":55},"end":{"line":282,"column":56}},"loc":{"start":{"line":282,"column":62},"end":{"line":282,"column":70}},"line":282},"5":{"name":"(anonymous_5)","decl":{"start":{"line":302,"column":40},"end":{"line":302,"column":41}},"loc":{"start":{"line":302,"column":60},"end":{"line":315,"column":1}},"line":302},"6":{"name":"(anonymous_6)","decl":{"start":{"line":318,"column":47},"end":{"line":318,"column":48}},"loc":{"start":{"line":318,"column":67},"end":{"line":337,"column":1}},"line":318},"7":{"name":"(anonymous_7)","decl":{"start":{"line":340,"column":38},"end":{"line":340,"column":39}},"loc":{"start":{"line":340,"column":58},"end":{"line":403,"column":1}},"line":340},"8":{"name":"(anonymous_8)","decl":{"start":{"line":406,"column":40},"end":{"line":406,"column":41}},"loc":{"start":{"line":406,"column":60},"end":{"line":433,"column":1}},"line":406}},"branchMap":{"0":{"loc":{"start":{"line":13,"column":4},"end":{"line":19,"column":5}},"type":"if","locations":[{"start":{"line":13,"column":4},"end":{"line":19,"column":5}},{"start":{},"end":{}}],"line":13},"1":{"loc":{"start":{"line":13,"column":8},"end":{"line":13,"column":44}},"type":"binary-expr","locations":[{"start":{"line":13,"column":8},"end":{"line":13,"column":12}},{"start":{"line":13,"column":16},"end":{"line":13,"column":24}},{"start":{"line":13,"column":28},"end":{"line":13,"column":34}},{"start":{"line":13,"column":38},"end":{"line":13,"column":44}}],"line":13},"2":{"loc":{"start":{"line":32,"column":8},"end":{"line":32,"column":75}},"type":"cond-expr","locations":[{"start":{"line":32,"column":39},"end":{"line":32,"column":57}},{"start":{"line":32,"column":60},"end":{"line":32,"column":75}}],"line":32},"3":{"loc":{"start":{"line":78,"column":4},"end":{"line":84,"column":5}},"type":"if","locations":[{"start":{"line":78,"column":4},"end":{"line":84,"column":5}},{"start":{},"end":{}}],"line":78},"4":{"loc":{"start":{"line":78,"column":8},"end":{"line":78,"column":53}},"type":"binary-expr","locations":[{"start":{"line":78,"column":8},"end":{"line":78,"column":12}},{"start":{"line":78,"column":16},"end":{"line":78,"column":24}},{"start":{"line":78,"column":28},"end":{"line":78,"column":34}},{"start":{"line":78,"column":38},"end":{"line":78,"column":44}},{"start":{"line":78,"column":48},"end":{"line":78,"column":53}}],"line":78},"5":{"loc":{"start":{"line":86,"column":4},"end":{"line":92,"column":5}},"type":"if","locations":[{"start":{"line":86,"column":4},"end":{"line":92,"column":5}},{"start":{},"end":{}}],"line":86},"6":{"loc":{"start":{"line":86,"column":8},"end":{"line":86,"column":34}},"type":"binary-expr","locations":[{"start":{"line":86,"column":8},"end":{"line":86,"column":17}},{"start":{"line":86,"column":21},"end":{"line":86,"column":34}}],"line":86},"7":{"loc":{"start":{"line":102,"column":4},"end":{"line":109,"column":5}},"type":"if","locations":[{"start":{"line":102,"column":4},"end":{"line":109,"column":5}},{"start":{},"end":{}}],"line":102},"8":{"loc":{"start":{"line":155,"column":4},"end":{"line":161,"column":5}},"type":"if","locations":[{"start":{"line":155,"column":4},"end":{"line":161,"column":5}},{"start":{},"end":{}}],"line":155},"9":{"loc":{"start":{"line":155,"column":8},"end":{"line":155,"column":34}},"type":"binary-expr","locations":[{"start":{"line":155,"column":8},"end":{"line":155,"column":17}},{"start":{"line":155,"column":21},"end":{"line":155,"column":34}}],"line":155},"10":{"loc":{"start":{"line":165,"column":4},"end":{"line":170,"column":5}},"type":"if","locations":[{"start":{"line":165,"column":4},"end":{"line":170,"column":5}},{"start":{},"end":{}}],"line":165},"11":{"loc":{"start":{"line":270,"column":6},"end":{"line":270,"column":14}},"type":"default-arg","locations":[{"start":{"line":270,"column":13},"end":{"line":270,"column":14}}],"line":270},"12":{"loc":{"start":{"line":271,"column":6},"end":{"line":271,"column":16}},"type":"default-arg","locations":[{"start":{"line":271,"column":14},"end":{"line":271,"column":16}}],"line":271},"13":{"loc":{"start":{"line":275,"column":4},"end":{"line":275,"column":40}},"type":"if","locations":[{"start":{"line":275,"column":4},"end":{"line":275,"column":40}},{"start":{},"end":{}}],"line":275},"14":{"loc":{"start":{"line":276,"column":4},"end":{"line":278,"column":5}},"type":"if","locations":[{"start":{"line":276,"column":4},"end":{"line":278,"column":5}},{"start":{},"end":{}}],"line":276},"15":{"loc":{"start":{"line":279,"column":4},"end":{"line":281,"column":5}},"type":"if","locations":[{"start":{"line":279,"column":4},"end":{"line":281,"column":5}},{"start":{},"end":{}}],"line":279},"16":{"loc":{"start":{"line":282,"column":4},"end":{"line":282,"column":72}},"type":"if","locations":[{"start":{"line":282,"column":4},"end":{"line":282,"column":72}},{"start":{},"end":{}}],"line":282},"17":{"loc":{"start":{"line":320,"column":12},"end":{"line":320,"column":22}},"type":"default-arg","locations":[{"start":{"line":320,"column":20},"end":{"line":320,"column":22}}],"line":320},"18":{"loc":{"start":{"line":346,"column":4},"end":{"line":351,"column":5}},"type":"if","locations":[{"start":{"line":346,"column":4},"end":{"line":351,"column":5}},{"start":{},"end":{}}],"line":346},"19":{"loc":{"start":{"line":346,"column":8},"end":{"line":346,"column":31}},"type":"binary-expr","locations":[{"start":{"line":346,"column":8},"end":{"line":346,"column":19}},{"start":{"line":346,"column":23},"end":{"line":346,"column":31}}],"line":346},"20":{"loc":{"start":{"line":359,"column":4},"end":{"line":364,"column":5}},"type":"if","locations":[{"start":{"line":359,"column":4},"end":{"line":364,"column":5}},{"start":{},"end":{}}],"line":359},"21":{"loc":{"start":{"line":392,"column":27},"end":{"line":392,"column":71}},"type":"binary-expr","locations":[{"start":{"line":392,"column":27},"end":{"line":392,"column":44}},{"start":{"line":392,"column":48},"end":{"line":392,"column":71}}],"line":392}},"s":{"0":1,"1":1,"2":1,"3":1,"4":1,"5":3,"6":3,"7":3,"8":3,"9":1,"10":2,"11":1,"12":1,"13":1,"14":1,"15":1,"16":5,"17":5,"18":5,"19":5,"20":1,"21":4,"22":1,"23":3,"24":3,"25":1,"26":2,"27":1,"28":1,"29":1,"30":1,"31":4,"32":4,"33":4,"34":4,"35":4,"36":1,"37":3,"38":3,"39":1,"40":2,"41":1,"42":1,"43":1,"44":1,"45":2,"46":2,"47":2,"48":2,"49":0,"50":2,"51":0,"52":2,"53":0,"54":2,"55":0,"56":0,"57":2,"58":1,"59":1,"60":1,"61":1,"62":2,"63":2,"64":1,"65":1,"66":1,"67":1,"68":2,"69":2,"70":2,"71":1,"72":1,"73":1,"74":1,"75":4,"76":4,"77":4,"78":4,"79":4,"80":1,"81":3,"82":2,"83":2,"84":1,"85":1,"86":1,"87":1,"88":1,"89":1,"90":1,"91":2,"92":2,"93":1,"94":1,"95":1,"96":1,"97":1,"98":1},"f":{"0":3,"1":5,"2":4,"3":2,"4":0,"5":2,"6":2,"7":4,"8":2},"b":{"0":[1,2],"1":[3,2,2,2],"2":[0,1],"3":[1,4],"4":[5,4,4,4,4],"5":[1,3],"6":[4,3],"7":[1,2],"8":[1,3],"9":[4,3],"10":[1,2],"11":[2],"12":[2],"13":[0,2],"14":[0,2],"15":[0,2],"16":[0,2],"17":[2],"18":[1,3],"19":[4,3],"20":[1,1],"21":[1,1]},"_coverageSchema":"1a1c01bbd47fc00a2c39e90264f33305004495a9","hash":"90578982437b0702d333ea592d15a2fd9c4c8be5"}
,"C:\\Users\\Jagan\\Downloads\\poc-2--offer\\poc-2\\offerSync-poc-backend\\src\\controllers\\communication.controller.js": {"path":"C:\\Users\\Jagan\\Downloads\\poc-2--offer\\poc-2\\offerSync-poc-backend\\src\\controllers\\communication.controller.js","statementMap":{"0":{"start":{"line":3,"column":16},"end":{"line":3,"column":34}},"1":{"start":{"line":4,"column":15},"end":{"line":4,"column":31}},"2":{"start":{"line":5,"column":13},"end":{"line":5,"column":42}},"3":{"start":{"line":6,"column":29},"end":{"line":6,"column":72}},"4":{"start":{"line":9,"column":0},"end":{"line":65,"column":3}},"5":{"start":{"line":10,"column":2},"end":{"line":64,"column":3}},"6":{"start":{"line":11,"column":4},"end":{"line":11,"column":61}},"7":{"start":{"line":12,"column":17},"end":{"line":12,"column":28}},"8":{"start":{"line":15,"column":60},"end":{"line":15,"column":68}},"9":{"start":{"line":16,"column":4},"end":{"line":22,"column":5}},"10":{"start":{"line":17,"column":6},"end":{"line":21,"column":9}},"11":{"start":{"line":25,"column":4},"end":{"line":30,"column":5}},"12":{"start":{"line":26,"column":6},"end":{"line":29,"column":9}},"13":{"start":{"line":33,"column":17},"end":{"line":41,"column":5}},"14":{"start":{"line":43,"column":19},"end":{"line":43,"column":73}},"15":{"start":{"line":45,"column":4},"end":{"line":51,"column":5}},"16":{"start":{"line":46,"column":6},"end":{"line":50,"column":9}},"17":{"start":{"line":53,"column":4},"end":{"line":57,"column":7}},"18":{"start":{"line":59,"column":4},"end":{"line":59,"column":68}},"19":{"start":{"line":60,"column":4},"end":{"line":63,"column":7}},"20":{"start":{"line":103,"column":0},"end":{"line":138,"column":3}},"21":{"start":{"line":104,"column":2},"end":{"line":137,"column":3}},"22":{"start":{"line":105,"column":4},"end":{"line":109,"column":6}},"23":{"start":{"line":110,"column":17},"end":{"line":110,"column":28}},"24":{"start":{"line":112,"column":45},"end":{"line":112,"column":53}},"25":{"start":{"line":113,"column":4},"end":{"line":118,"column":5}},"26":{"start":{"line":114,"column":6},"end":{"line":117,"column":9}},"27":{"start":{"line":120,"column":20},"end":{"line":124,"column":5}},"28":{"start":{"line":126,"column":4},"end":{"line":130,"column":7}},"29":{"start":{"line":132,"column":4},"end":{"line":132,"column":60}},"30":{"start":{"line":133,"column":4},"end":{"line":136,"column":7}},"31":{"start":{"line":141,"column":0},"end":{"line":172,"column":3}},"32":{"start":{"line":142,"column":2},"end":{"line":171,"column":3}},"33":{"start":{"line":143,"column":4},"end":{"line":146,"column":6}},"34":{"start":{"line":147,"column":17},"end":{"line":147,"column":28}},"35":{"start":{"line":149,"column":26},"end":{"line":152,"column":5}},"36":{"start":{"line":154,"column":4},"end":{"line":159,"column":5}},"37":{"start":{"line":155,"column":6},"end":{"line":158,"column":9}},"38":{"start":{"line":161,"column":4},"end":{"line":164,"column":7}},"39":{"start":{"line":166,"column":4},"end":{"line":166,"column":70}},"40":{"start":{"line":167,"column":4},"end":{"line":170,"column":7}},"41":{"start":{"line":175,"column":0},"end":{"line":199,"column":3}},"42":{"start":{"line":176,"column":2},"end":{"line":198,"column":3}},"43":{"start":{"line":177,"column":4},"end":{"line":177,"column":47}},"44":{"start":{"line":178,"column":17},"end":{"line":178,"column":28}},"45":{"start":{"line":180,"column":27},"end":{"line":180,"column":78}},"46":{"start":{"line":181,"column":4},"end":{"line":186,"column":5}},"47":{"start":{"line":182,"column":6},"end":{"line":185,"column":9}},"48":{"start":{"line":188,"column":4},"end":{"line":191,"column":7}},"49":{"start":{"line":193,"column":4},"end":{"line":193,"column":65}},"50":{"start":{"line":194,"column":4},"end":{"line":197,"column":7}},"51":{"start":{"line":201,"column":0},"end":{"line":201,"column":24}}},"fnMap":{"0":{"name":"(anonymous_0)","decl":{"start":{"line":9,"column":31},"end":{"line":9,"column":32}},"loc":{"start":{"line":9,"column":51},"end":{"line":65,"column":1}},"line":9},"1":{"name":"(anonymous_1)","decl":{"start":{"line":103,"column":47},"end":{"line":103,"column":48}},"loc":{"start":{"line":103,"column":67},"end":{"line":138,"column":1}},"line":103},"2":{"name":"(anonymous_2)","decl":{"start":{"line":141,"column":38},"end":{"line":141,"column":39}},"loc":{"start":{"line":141,"column":58},"end":{"line":172,"column":1}},"line":141},"3":{"name":"(anonymous_3)","decl":{"start":{"line":175,"column":22},"end":{"line":175,"column":23}},"loc":{"start":{"line":175,"column":42},"end":{"line":199,"column":1}},"line":175}},"branchMap":{"0":{"loc":{"start":{"line":16,"column":4},"end":{"line":22,"column":5}},"type":"if","locations":[{"start":{"line":16,"column":4},"end":{"line":22,"column":5}},{"start":{},"end":{}}],"line":16},"1":{"loc":{"start":{"line":16,"column":8},"end":{"line":16,"column":61}},"type":"binary-expr","locations":[{"start":{"line":16,"column":8},"end":{"line":16,"column":20}},{"start":{"line":16,"column":24},"end":{"line":16,"column":36}},{"start":{"line":16,"column":40},"end":{"line":16,"column":50}},{"start":{"line":16,"column":54},"end":{"line":16,"column":61}}],"line":16},"2":{"loc":{"start":{"line":25,"column":4},"end":{"line":30,"column":5}},"type":"if","locations":[{"start":{"line":25,"column":4},"end":{"line":30,"column":5}},{"start":{},"end":{}}],"line":25},"3":{"loc":{"start":{"line":25,"column":8},"end":{"line":25,"column":54}},"type":"binary-expr","locations":[{"start":{"line":25,"column":8},"end":{"line":25,"column":29}},{"start":{"line":25,"column":33},"end":{"line":25,"column":54}}],"line":25},"4":{"loc":{"start":{"line":45,"column":4},"end":{"line":51,"column":5}},"type":"if","locations":[{"start":{"line":45,"column":4},"end":{"line":51,"column":5}},{"start":{},"end":{}}],"line":45},"5":{"loc":{"start":{"line":60,"column":15},"end":{"line":60,"column":38}},"type":"binary-expr","locations":[{"start":{"line":60,"column":15},"end":{"line":60,"column":31}},{"start":{"line":60,"column":35},"end":{"line":60,"column":38}}],"line":60},"6":{"loc":{"start":{"line":62,"column":13},"end":{"line":62,"column":53}},"type":"binary-expr","locations":[{"start":{"line":62,"column":13},"end":{"line":62,"column":26}},{"start":{"line":62,"column":30},"end":{"line":62,"column":53}}],"line":62},"7":{"loc":{"start":{"line":113,"column":4},"end":{"line":118,"column":5}},"type":"if","locations":[{"start":{"line":113,"column":4},"end":{"line":118,"column":5}},{"start":{},"end":{}}],"line":113},"8":{"loc":{"start":{"line":113,"column":8},"end":{"line":113,"column":31}},"type":"binary-expr","locations":[{"start":{"line":113,"column":8},"end":{"line":113,"column":15}},{"start":{"line":113,"column":19},"end":{"line":113,"column":31}}],"line":113},"9":{"loc":{"start":{"line":133,"column":15},"end":{"line":133,"column":38}},"type":"binary-expr","locations":[{"start":{"line":133,"column":15},"end":{"line":133,"column":31}},{"start":{"line":133,"column":35},"end":{"line":133,"column":38}}],"line":133},"10":{"loc":{"start":{"line":135,"column":13},"end":{"line":135,"column":53}},"type":"binary-expr","locations":[{"start":{"line":135,"column":13},"end":{"line":135,"column":26}},{"start":{"line":135,"column":30},"end":{"line":135,"column":53}}],"line":135},"11":{"loc":{"start":{"line":154,"column":4},"end":{"line":159,"column":5}},"type":"if","locations":[{"start":{"line":154,"column":4},"end":{"line":159,"column":5}},{"start":{},"end":{}}],"line":154},"12":{"loc":{"start":{"line":167,"column":15},"end":{"line":167,"column":38}},"type":"binary-expr","locations":[{"start":{"line":167,"column":15},"end":{"line":167,"column":31}},{"start":{"line":167,"column":35},"end":{"line":167,"column":38}}],"line":167},"13":{"loc":{"start":{"line":169,"column":13},"end":{"line":169,"column":53}},"type":"binary-expr","locations":[{"start":{"line":169,"column":13},"end":{"line":169,"column":26}},{"start":{"line":169,"column":30},"end":{"line":169,"column":53}}],"line":169},"14":{"loc":{"start":{"line":181,"column":4},"end":{"line":186,"column":5}},"type":"if","locations":[{"start":{"line":181,"column":4},"end":{"line":186,"column":5}},{"start":{},"end":{}}],"line":181},"15":{"loc":{"start":{"line":181,"column":8},"end":{"line":181,"column":54}},"type":"binary-expr","locations":[{"start":{"line":181,"column":8},"end":{"line":181,"column":23}},{"start":{"line":181,"column":27},"end":{"line":181,"column":54}}],"line":181},"16":{"loc":{"start":{"line":194,"column":15},"end":{"line":194,"column":38}},"type":"binary-expr","locations":[{"start":{"line":194,"column":15},"end":{"line":194,"column":31}},{"start":{"line":194,"column":35},"end":{"line":194,"column":38}}],"line":194},"17":{"loc":{"start":{"line":196,"column":13},"end":{"line":196,"column":53}},"type":"binary-expr","locations":[{"start":{"line":196,"column":13},"end":{"line":196,"column":26}},{"start":{"line":196,"column":30},"end":{"line":196,"column":53}}],"line":196}},"s":{"0":1,"1":1,"2":1,"3":1,"4":1,"5":5,"6":5,"7":5,"8":5,"9":5,"10":1,"11":4,"12":1,"13":3,"14":3,"15":2,"16":1,"17":1,"18":1,"19":1,"20":1,"21":3,"22":3,"23":3,"24":3,"25":3,"26":1,"27":2,"28":1,"29":1,"30":1,"31":1,"32":3,"33":3,"34":3,"35":3,"36":2,"37":1,"38":1,"39":1,"40":1,"41":1,"42":3,"43":3,"44":3,"45":3,"46":2,"47":1,"48":1,"49":1,"50":1,"51":1},"f":{"0":5,"1":3,"2":3,"3":3},"b":{"0":[1,4],"1":[5,4,4,4],"2":[1,3],"3":[4,3],"4":[1,1],"5":[1,1],"6":[1,0],"7":[1,2],"8":[3,2],"9":[1,1],"10":[1,0],"11":[1,1],"12":[1,1],"13":[1,0],"14":[1,1],"15":[2,2],"16":[1,1],"17":[1,0]},"_coverageSchema":"1a1c01bbd47fc00a2c39e90264f33305004495a9","hash":"e3126e3a53f3b809309a102535ae6a318c436197"}
,"C:\\Users\\Jagan\\Downloads\\poc-2--offer\\poc-2\\offerSync-poc-backend\\src\\controllers\\dashboard.controller.js": {"path":"C:\\Users\\Jagan\\Downloads\\poc-2--offer\\poc-2\\offerSync-poc-backend\\src\\controllers\\dashboard.controller.js","statementMap":{"0":{"start":{"line":1,"column":16},"end":{"line":1,"column":34}},"1":{"start":{"line":2,"column":15},"end":{"line":2,"column":31}},"2":{"start":{"line":3,"column":13},"end":{"line":3,"column":42}},"3":{"start":{"line":4,"column":25},"end":{"line":4,"column":65}},"4":{"start":{"line":8,"column":0},"end":{"line":16,"column":3}},"5":{"start":{"line":9,"column":2},"end":{"line":15,"column":3}},"6":{"start":{"line":10,"column":17},"end":{"line":10,"column":28}},"7":{"start":{"line":11,"column":17},"end":{"line":11,"column":62}},"8":{"start":{"line":12,"column":4},"end":{"line":12,"column":57}},"9":{"start":{"line":14,"column":4},"end":{"line":14,"column":76}},"10":{"start":{"line":19,"column":0},"end":{"line":26,"column":3}},"11":{"start":{"line":20,"column":2},"end":{"line":25,"column":3}},"12":{"start":{"line":21,"column":17},"end":{"line":21,"column":64}},"13":{"start":{"line":22,"column":4},"end":{"line":22,"column":57}},"14":{"start":{"line":24,"column":4},"end":{"line":24,"column":76}},"15":{"start":{"line":28,"column":0},"end":{"line":28,"column":24}}},"fnMap":{"0":{"name":"(anonymous_0)","decl":{"start":{"line":8,"column":22},"end":{"line":8,"column":23}},"loc":{"start":{"line":8,"column":42},"end":{"line":16,"column":1}},"line":8},"1":{"name":"(anonymous_1)","decl":{"start":{"line":19,"column":22},"end":{"line":19,"column":23}},"loc":{"start":{"line":19,"column":42},"end":{"line":26,"column":1}},"line":19}},"branchMap":{},"s":{"0":1,"1":1,"2":1,"3":1,"4":1,"5":2,"6":2,"7":2,"8":1,"9":1,"10":1,"11":2,"12":2,"13":1,"14":1,"15":1},"f":{"0":2,"1":2},"b":{},"_coverageSchema":"1a1c01bbd47fc00a2c39e90264f33305004495a9","hash":"0fefc62871fb8e8137a4d34a674f6f337c360bbe"}
,"C:\\Users\\Jagan\\Downloads\\poc-2--offer\\poc-2\\offerSync-poc-backend\\src\\controllers\\offers.controller.js": {"path":"C:\\Users\\Jagan\\Downloads\\poc-2--offer\\poc-2\\offerSync-poc-backend\\src\\controllers\\offers.controller.js","statementMap":{"0":{"start":{"line":1,"column":16},"end":{"line":1,"column":34}},"1":{"start":{"line":2,"column":15},"end":{"line":2,"column":31}},"2":{"start":{"line":3,"column":13},"end":{"line":3,"column":42}},"3":{"start":{"line":4,"column":21},"end":{"line":4,"column":57}},"4":{"start":{"line":9,"column":0},"end":{"line":16,"column":3}},"5":{"start":{"line":10,"column":2},"end":{"line":15,"column":3}},"6":{"start":{"line":11,"column":18},"end":{"line":11,"column":64}},"7":{"start":{"line":12,"column":4},"end":{"line":12,"column":64}},"8":{"start":{"line":14,"column":4},"end":{"line":14,"column":76}},"9":{"start":{"line":19,"column":0},"end":{"line":33,"column":3}},"10":{"start":{"line":20,"column":2},"end":{"line":32,"column":3}},"11":{"start":{"line":21,"column":49},"end":{"line":21,"column":58}},"12":{"start":{"line":22,"column":19},"end":{"line":22,"column":90}},"13":{"start":{"line":25,"column":4},"end":{"line":29,"column":7}},"14":{"start":{"line":31,"column":4},"end":{"line":31,"column":76}},"15":{"start":{"line":38,"column":0},"end":{"line":72,"column":3}},"16":{"start":{"line":39,"column":2},"end":{"line":71,"column":3}},"17":{"start":{"line":44,"column":8},"end":{"line":44,"column":16}},"18":{"start":{"line":47,"column":18},"end":{"line":47,"column":64}},"19":{"start":{"line":48,"column":4},"end":{"line":50,"column":5}},"20":{"start":{"line":49,"column":6},"end":{"line":49,"column":82}},"21":{"start":{"line":53,"column":4},"end":{"line":55,"column":5}},"22":{"start":{"line":54,"column":6},"end":{"line":54,"column":111}},"23":{"start":{"line":58,"column":20},"end":{"line":65,"column":5}},"24":{"start":{"line":67,"column":4},"end":{"line":67,"column":66}},"25":{"start":{"line":69,"column":23},"end":{"line":69,"column":114}},"26":{"start":{"line":70,"column":4},"end":{"line":70,"column":83}},"27":{"start":{"line":78,"column":0},"end":{"line":86,"column":3}},"28":{"start":{"line":79,"column":2},"end":{"line":85,"column":3}},"29":{"start":{"line":80,"column":19},"end":{"line":80,"column":64}},"30":{"start":{"line":81,"column":4},"end":{"line":81,"column":65}},"31":{"start":{"line":83,"column":19},"end":{"line":83,"column":66}},"32":{"start":{"line":84,"column":4},"end":{"line":84,"column":79}},"33":{"start":{"line":90,"column":0},"end":{"line":90,"column":24}}},"fnMap":{"0":{"name":"(anonymous_0)","decl":{"start":{"line":9,"column":25},"end":{"line":9,"column":26}},"loc":{"start":{"line":9,"column":45},"end":{"line":16,"column":1}},"line":9},"1":{"name":"(anonymous_1)","decl":{"start":{"line":19,"column":22},"end":{"line":19,"column":23}},"loc":{"start":{"line":19,"column":42},"end":{"line":33,"column":1}},"line":19},"2":{"name":"(anonymous_2)","decl":{"start":{"line":38,"column":34},"end":{"line":38,"column":35}},"loc":{"start":{"line":38,"column":54},"end":{"line":72,"column":1}},"line":38},"3":{"name":"(anonymous_3)","decl":{"start":{"line":78,"column":28},"end":{"line":78,"column":29}},"loc":{"start":{"line":78,"column":48},"end":{"line":86,"column":1}},"line":78}},"branchMap":{"0":{"loc":{"start":{"line":21,"column":12},"end":{"line":21,"column":20}},"type":"default-arg","locations":[{"start":{"line":21,"column":19},"end":{"line":21,"column":20}}],"line":21},"1":{"loc":{"start":{"line":21,"column":22},"end":{"line":21,"column":32}},"type":"default-arg","locations":[{"start":{"line":21,"column":30},"end":{"line":21,"column":32}}],"line":21},"2":{"loc":{"start":{"line":48,"column":4},"end":{"line":50,"column":5}},"type":"if","locations":[{"start":{"line":48,"column":4},"end":{"line":50,"column":5}},{"start":{},"end":{}}],"line":48},"3":{"loc":{"start":{"line":53,"column":4},"end":{"line":55,"column":5}},"type":"if","locations":[{"start":{"line":53,"column":4},"end":{"line":55,"column":5}},{"start":{},"end":{}}],"line":53},"4":{"loc":{"start":{"line":69,"column":23},"end":{"line":69,"column":114}},"type":"cond-expr","locations":[{"start":{"line":69,"column":59},"end":{"line":69,"column":62}},{"start":{"line":69,"column":66},"end":{"line":69,"column":113}}],"line":69},"5":{"loc":{"start":{"line":69,"column":66},"end":{"line":69,"column":113}},"type":"cond-expr","locations":[{"start":{"line":69,"column":104},"end":{"line":69,"column":107}},{"start":{"line":69,"column":110},"end":{"line":69,"column":113}}],"line":69},"6":{"loc":{"start":{"line":83,"column":19},"end":{"line":83,"column":66}},"type":"cond-expr","locations":[{"start":{"line":83,"column":57},"end":{"line":83,"column":60}},{"start":{"line":83,"column":63},"end":{"line":83,"column":66}}],"line":83}},"s":{"0":1,"1":1,"2":1,"3":1,"4":1,"5":2,"6":2,"7":1,"8":1,"9":1,"10":2,"11":2,"12":2,"13":1,"14":1,"15":1,"16":5,"17":5,"18":5,"19":5,"20":1,"21":4,"22":1,"23":3,"24":1,"25":2,"26":2,"27":1,"28":3,"29":3,"30":1,"31":2,"32":2,"33":1},"f":{"0":2,"1":2,"2":5,"3":3},"b":{"0":[2],"1":[2],"2":[1,4],"3":[1,3],"4":[1,1],"5":[0,1],"6":[1,1]},"_coverageSchema":"1a1c01bbd47fc00a2c39e90264f33305004495a9","hash":"ef7c1dd814c6f68bfef119c488ed500a244554e6"}
,"C:\\Users\\Jagan\\Downloads\\poc-2--offer\\poc-2\\offerSync-poc-backend\\src\\models\\hrSchema.js": {"path":"C:\\Users\\Jagan\\Downloads\\poc-2--offer\\poc-2\\offerSync-poc-backend\\src\\models\\hrSchema.js","statementMap":{"0":{"start":{"line":1,"column":12},"end":{"line":1,"column":26}},"1":{"start":{"line":2,"column":17},"end":{"line":2,"column":36}},"2":{"start":{"line":4,"column":17},"end":{"line":100,"column":2}},"3":{"start":{"line":102,"column":10},"end":{"line":102,"column":40}},"4":{"start":{"line":105,"column":27},"end":{"line":166,"column":1}},"5":{"start":{"line":106,"column":4},"end":{"line":106,"column":20}},"6":{"start":{"line":107,"column":19},"end":{"line":163,"column":6}},"7":{"start":{"line":165,"column":4},"end":{"line":165,"column":31}},"8":{"start":{"line":169,"column":24},"end":{"line":183,"column":1}},"9":{"start":{"line":170,"column":19},"end":{"line":180,"column":6}},"10":{"start":{"line":182,"column":4},"end":{"line":182,"column":38}},"11":{"start":{"line":186,"column":25},"end":{"line":232,"column":1}},"12":{"start":{"line":187,"column":19},"end":{"line":229,"column":6}},"13":{"start":{"line":231,"column":4},"end":{"line":231,"column":31}},"14":{"start":{"line":235,"column":19},"end":{"line":242,"column":1}},"15":{"start":{"line":236,"column":19},"end":{"line":240,"column":6}},"16":{"start":{"line":241,"column":4},"end":{"line":241,"column":31}},"17":{"start":{"line":244,"column":0},"end":{"line":250,"column":1}}},"fnMap":{"0":{"name":"(anonymous_0)","decl":{"start":{"line":105,"column":27},"end":{"line":105,"column":28}},"loc":{"start":{"line":105,"column":35},"end":{"line":166,"column":1}},"line":105},"1":{"name":"(anonymous_1)","decl":{"start":{"line":169,"column":24},"end":{"line":169,"column":25}},"loc":{"start":{"line":169,"column":39},"end":{"line":183,"column":1}},"line":169},"2":{"name":"(anonymous_2)","decl":{"start":{"line":186,"column":25},"end":{"line":186,"column":26}},"loc":{"start":{"line":186,"column":33},"end":{"line":232,"column":1}},"line":186},"3":{"name":"(anonymous_3)","decl":{"start":{"line":235,"column":19},"end":{"line":235,"column":20}},"loc":{"start":{"line":235,"column":27},"end":{"line":242,"column":1}},"line":235}},"branchMap":{},"s":{"0":1,"1":1,"2":1,"3":1,"4":1,"5":0,"6":0,"7":0,"8":1,"9":0,"10":0,"11":1,"12":0,"13":0,"14":1,"15":0,"16":0,"17":1},"f":{"0":0,"1":0,"2":0,"3":0},"b":{},"_coverageSchema":"1a1c01bbd47fc00a2c39e90264f33305004495a9","hash":"558874f06ad5f7863a0f4ab87d50ddefa8d2bae9"}
}
