TN:
SF:src\controllers\auth.controller.js
FN:9,(anonymous_0)
FN:27,(anonymous_1)
FNF:2
FNH:2
FNDA:2,(anonymous_0)
FNDA:3,(anonymous_1)
DA:1,1
DA:2,1
DA:3,1
DA:4,1
DA:5,1
DA:6,1
DA:9,1
DA:10,2
DA:11,2
DA:12,2
DA:14,1
DA:19,1
DA:20,1
DA:27,1
DA:28,3
DA:29,3
DA:31,3
DA:34,2
DA:35,1
DA:39,1
DA:45,1
DA:52,1
DA:53,1
DA:59,1
LF:24
LH:24
BRDA:20,0,0,1
BRDA:20,0,1,1
BRDA:21,1,0,1
BRDA:21,1,1,0
BRDA:34,2,0,1
BRDA:34,2,1,1
BRDA:53,3,0,1
BRDA:53,3,1,1
BRDA:54,4,0,1
BRDA:54,4,1,0
BRF:10
BRH:8
end_of_record
TN:
SF:src\controllers\candidate.controller.js
FN:7,(anonymous_0)
FN:53,(anonymous_1)
FN:147,(anonymous_2)
FN:263,(anonymous_3)
FN:282,(anonymous_4)
FN:302,(anonymous_5)
FN:318,(anonymous_6)
FN:340,(anonymous_7)
FN:406,(anonymous_8)
FNF:9
FNH:8
FNDA:3,(anonymous_0)
FNDA:5,(anonymous_1)
FNDA:4,(anonymous_2)
FNDA:2,(anonymous_3)
FNDA:0,(anonymous_4)
FNDA:2,(anonymous_5)
FNDA:2,(anonymous_6)
FNDA:4,(anonymous_7)
FNDA:2,(anonymous_8)
DA:1,1
DA:2,1
DA:3,1
DA:4,1
DA:7,1
DA:8,3
DA:9,3
DA:10,3
DA:13,3
DA:14,1
DA:22,2
DA:30,1
DA:36,1
DA:43,1
DA:44,1
DA:53,1
DA:54,5
DA:73,5
DA:75,5
DA:78,5
DA:79,1
DA:86,4
DA:87,1
DA:95,3
DA:102,3
DA:103,1
DA:112,2
DA:135,1
DA:137,1
DA:138,1
DA:147,1
DA:148,4
DA:149,4
DA:151,4
DA:152,4
DA:155,4
DA:156,1
DA:164,3
DA:165,3
DA:166,1
DA:173,2
DA:186,1
DA:188,1
DA:189,1
DA:263,1
DA:264,2
DA:272,2
DA:274,2
DA:275,2
DA:276,2
DA:277,0
DA:279,2
DA:280,0
DA:282,2
DA:284,2
DA:290,1
DA:292,1
DA:293,1
DA:302,1
DA:303,2
DA:304,2
DA:306,1
DA:308,1
DA:309,1
DA:318,1
DA:319,2
DA:320,2
DA:321,2
DA:325,1
DA:330,1
DA:331,1
DA:340,1
DA:341,4
DA:342,4
DA:343,4
DA:344,4
DA:346,4
DA:347,1
DA:354,3
DA:355,2
DA:359,2
DA:360,1
DA:367,1
DA:380,1
DA:382,1
DA:396,1
DA:397,1
DA:406,1
DA:407,2
DA:408,2
DA:410,1
DA:412,1
DA:416,1
DA:426,1
DA:427,1
DA:435,1
LF:96
LH:94
BRDA:13,0,0,1
BRDA:13,0,1,2
BRDA:13,1,0,3
BRDA:13,1,1,2
BRDA:13,1,2,2
BRDA:13,1,3,2
BRDA:32,2,0,0
BRDA:32,2,1,1
BRDA:78,3,0,1
BRDA:78,3,1,4
BRDA:78,4,0,5
BRDA:78,4,1,4
BRDA:78,4,2,4
BRDA:78,4,3,4
BRDA:78,4,4,4
BRDA:86,5,0,1
BRDA:86,5,1,3
BRDA:86,6,0,4
BRDA:86,6,1,3
BRDA:102,7,0,1
BRDA:102,7,1,2
BRDA:155,8,0,1
BRDA:155,8,1,3
BRDA:155,9,0,4
BRDA:155,9,1,3
BRDA:165,10,0,1
BRDA:165,10,1,2
BRDA:270,11,0,2
BRDA:271,12,0,2
BRDA:275,13,0,0
BRDA:275,13,1,2
BRDA:276,14,0,0
BRDA:276,14,1,2
BRDA:279,15,0,0
BRDA:279,15,1,2
BRDA:282,16,0,0
BRDA:282,16,1,2
BRDA:320,17,0,2
BRDA:346,18,0,1
BRDA:346,18,1,3
BRDA:346,19,0,4
BRDA:346,19,1,3
BRDA:359,20,0,1
BRDA:359,20,1,1
BRDA:392,21,0,1
BRDA:392,21,1,1
BRF:46
BRH:41
end_of_record
TN:
SF:src\controllers\communication.controller.js
FN:9,(anonymous_0)
FN:103,(anonymous_1)
FN:141,(anonymous_2)
FN:175,(anonymous_3)
FNF:4
FNH:4
FNDA:5,(anonymous_0)
FNDA:3,(anonymous_1)
FNDA:3,(anonymous_2)
FNDA:3,(anonymous_3)
DA:3,1
DA:4,1
DA:5,1
DA:6,1
DA:9,1
DA:10,5
DA:11,5
DA:12,5
DA:15,5
DA:16,5
DA:17,1
DA:25,4
DA:26,1
DA:33,3
DA:43,3
DA:45,2
DA:46,1
DA:53,1
DA:59,1
DA:60,1
DA:103,1
DA:104,3
DA:105,3
DA:110,3
DA:112,3
DA:113,3
DA:114,1
DA:120,2
DA:126,1
DA:132,1
DA:133,1
DA:141,1
DA:142,3
DA:143,3
DA:147,3
DA:149,3
DA:154,2
DA:155,1
DA:161,1
DA:166,1
DA:167,1
DA:175,1
DA:176,3
DA:177,3
DA:178,3
DA:180,3
DA:181,2
DA:182,1
DA:188,1
DA:193,1
DA:194,1
DA:201,1
LF:52
LH:52
BRDA:16,0,0,1
BRDA:16,0,1,4
BRDA:16,1,0,5
BRDA:16,1,1,4
BRDA:16,1,2,4
BRDA:16,1,3,4
BRDA:25,2,0,1
BRDA:25,2,1,3
BRDA:25,3,0,4
BRDA:25,3,1,3
BRDA:45,4,0,1
BRDA:45,4,1,1
BRDA:60,5,0,1
BRDA:60,5,1,1
BRDA:62,6,0,1
BRDA:62,6,1,0
BRDA:113,7,0,1
BRDA:113,7,1,2
BRDA:113,8,0,3
BRDA:113,8,1,2
BRDA:133,9,0,1
BRDA:133,9,1,1
BRDA:135,10,0,1
BRDA:135,10,1,0
BRDA:154,11,0,1
BRDA:154,11,1,1
BRDA:167,12,0,1
BRDA:167,12,1,1
BRDA:169,13,0,1
BRDA:169,13,1,0
BRDA:181,14,0,1
BRDA:181,14,1,1
BRDA:181,15,0,2
BRDA:181,15,1,2
BRDA:194,16,0,1
BRDA:194,16,1,1
BRDA:196,17,0,1
BRDA:196,17,1,0
BRF:38
BRH:34
end_of_record
TN:
SF:src\controllers\dashboard.controller.js
FN:8,(anonymous_0)
FN:19,(anonymous_1)
FNF:2
FNH:2
FNDA:2,(anonymous_0)
FNDA:2,(anonymous_1)
DA:1,1
DA:2,1
DA:3,1
DA:4,1
DA:8,1
DA:9,2
DA:10,2
DA:11,2
DA:12,1
DA:14,1
DA:19,1
DA:20,2
DA:21,2
DA:22,1
DA:24,1
DA:28,1
LF:16
LH:16
BRF:0
BRH:0
end_of_record
TN:
SF:src\controllers\offers.controller.js
FN:9,(anonymous_0)
FN:19,(anonymous_1)
FN:38,(anonymous_2)
FN:78,(anonymous_3)
FNF:4
FNH:4
FNDA:2,(anonymous_0)
FNDA:2,(anonymous_1)
FNDA:5,(anonymous_2)
FNDA:3,(anonymous_3)
DA:1,1
DA:2,1
DA:3,1
DA:4,1
DA:9,1
DA:10,2
DA:11,2
DA:12,1
DA:14,1
DA:19,1
DA:20,2
DA:21,2
DA:22,2
DA:25,1
DA:31,1
DA:38,1
DA:39,5
DA:44,5
DA:47,5
DA:48,5
DA:49,1
DA:53,4
DA:54,1
DA:58,3
DA:67,1
DA:69,2
DA:70,2
DA:78,1
DA:79,3
DA:80,3
DA:81,1
DA:83,2
DA:84,2
DA:90,1
LF:34
LH:34
BRDA:21,0,0,2
BRDA:21,1,0,2
BRDA:48,2,0,1
BRDA:48,2,1,4
BRDA:53,3,0,1
BRDA:53,3,1,3
BRDA:69,4,0,1
BRDA:69,4,1,1
BRDA:69,5,0,0
BRDA:69,5,1,1
BRDA:83,6,0,1
BRDA:83,6,1,1
BRF:12
BRH:11
end_of_record
TN:
SF:src\models\hrSchema.js
FN:105,(anonymous_0)
FN:169,(anonymous_1)
FN:186,(anonymous_2)
FN:235,(anonymous_3)
FNF:4
FNH:0
FNDA:0,(anonymous_0)
FNDA:0,(anonymous_1)
FNDA:0,(anonymous_2)
FNDA:0,(anonymous_3)
DA:1,1
DA:2,1
DA:4,1
DA:102,1
DA:105,1
DA:106,0
DA:107,0
DA:165,0
DA:169,1
DA:170,0
DA:182,0
DA:186,1
DA:187,0
DA:231,0
DA:235,1
DA:236,0
DA:241,0
DA:244,1
LF:18
LH:9
BRF:0
BRH:0
end_of_record
